<?xml version="1.0" encoding="UTF-8"?>
<!-- Generated by org.testng.reporters.JUnitReportReporter -->
<testsuite hostname="Bablu" failures="0" tests="10" name="TestNg.InvocationCount" time="0.023" errors="0" timestamp="2024-11-06T12:27:28 IST" skipped="0">
  <testcase classname="TestNg.InvocationCount" name="demo2" time="0.005"/>
  <system-out>
    <![CDATA[demo2]]>
  </system-out>
  <testcase classname="TestNg.InvocationCount" name="demo2" time="0.001"/>
  <system-out>
    <![CDATA[demo2]]>
  </system-out>
  <testcase classname="TestNg.InvocationCount" name="demo3" time="0.001"/>
  <system-out>
    <![CDATA[demo3]]>
  </system-out>
  <testcase classname="TestNg.InvocationCount" name="demo3" time="0.003"/>
  <system-out>
    <![CDATA[demo3]]>
  </system-out>
  <testcase classname="TestNg.InvocationCount" name="demo4" time="0.002"/>
  <system-out>
    <![CDATA[demo4]]>
  </system-out>
  <testcase classname="TestNg.InvocationCount" name="demo3" time="0.003"/>
  <system-out>
    <![CDATA[demo3]]>
  </system-out>
  <testcase classname="TestNg.InvocationCount" name="demo4" time="0.001"/>
  <system-out>
    <![CDATA[demo4]]>
  </system-out>
  <testcase classname="TestNg.InvocationCount" name="demo1" time="0.003"/>
  <system-out>
    <![CDATA[demo1]]>
  </system-out>
  <testcase classname="TestNg.InvocationCount" name="demo4" time="0.003"/>
  <system-out>
    <![CDATA[demo4]]>
  </system-out>
  <testcase classname="TestNg.InvocationCount" name="demo4" time="0.001"/>
  <system-out>
    <![CDATA[demo4]]>
  </system-out>
</testsuite> <!-- TestNg.InvocationCount -->
