<?xml version="1.0" encoding="UTF-8"?>
<!-- Generated by org.testng.reporters.JUnitReportReporter -->
<testsuite hostname="Bablu" failures="0" tests="3" name="TestNg.dependsOn" time="0.024" errors="0" timestamp="2024-11-06T12:27:28 IST" skipped="0">
  <testcase classname="TestNg.dependsOn" name="LoginTest" time="0.003"/>
  <system-out>
    <![CDATA[Login to App]]>
  </system-out>
  <testcase classname="TestNg.dependsOn" name="updateProfileTest" time="0.003"/>
  <system-out>
    <![CDATA[updatetheprofile]]>
  </system-out>
  <testcase classname="TestNg.dependsOn" name="RegistrationTest" time="0.018"/>
  <system-out>
    <![CDATA[Register to App]]>
  </system-out>
</testsuite> <!-- TestNg.dependsOn -->
