<?xml version="1.0" encoding="UTF-8"?>
<!-- Generated by org.testng.reporters.JUnitReportReporter -->
<testsuite hostname="Bablu" failures="0" tests="1" name="TestNg.SampleTest" time="0.003" errors="0" timestamp="2024-11-06T12:27:28 IST" skipped="0">
  <testcase classname="TestNg.SampleTest" name="demo" time="0.003"/>
  <system-out>
    <![CDATA[Hello world...!]]>
  </system-out>
</testsuite> <!-- TestNg.SampleTest -->
