<?xml version="1.0" encoding="UTF-8"?>
<!-- Generated by org.testng.reporters.JUnitReportReporter -->
<testsuite hostname="Bablu" failures="0" tests="5" name="TestNg.EnabledTest" time="0.018" errors="0" timestamp="2024-11-06T12:27:28 IST" skipped="1">
  <testcase classname="TestNg.EnabledTest" name="demo4" time="0.006"/>
  <system-out>
    <![CDATA[demo4]]>
  </system-out>
  <testcase classname="TestNg.EnabledTest" name="demo2" time="0.004"/>
  <system-out>
    <![CDATA[demo2]]>
  </system-out>
  <testcase classname="TestNg.EnabledTest" name="demo3" time="0.005"/>
  <system-out>
    <![CDATA[demo3]]>
  </system-out>
  <testcase classname="TestNg.EnabledTest" name="demo3" time="0.003"/>
  <system-out>
    <![CDATA[demo3]]>
  </system-out>
  <testcase classname="TestNg.EnabledTest" name="demo1">
    <skipped/>
  </testcase> <!-- demo1 -->
  <system-out/>
</testsuite> <!-- TestNg.EnabledTest -->
