<?xml version="1.0" encoding="UTF-8"?>
<!-- Generated by org.testng.reporters.JUnitReportReporter -->
<testsuite hostname="Bablu" failures="0" tests="2" name="GroupExecution.Test2" time="0.005" errors="0" timestamp="2024-11-06T12:27:06 IST" skipped="0">
  <testcase classname="GroupExecution.Test2" name="demo3" time="0.001"/>
  <system-out>
    <![CDATA[Test1-demo3-smoke and Regression]]>
  </system-out>
  <testcase classname="GroupExecution.Test2" name="demo1" time="0.004"/>
  <system-out>
    <![CDATA[Test1-demo1-smoke]]>
  </system-out>
</testsuite> <!-- GroupExecution.Test2 -->
