<?xml version="1.0" encoding="UTF-8"?>
<!-- Generated by org.testng.reporters.JUnitReportReporter -->
<testsuite hostname="Bablu" failures="0" tests="1" name="GroupExecution.Test1" time="0.011" errors="0" timestamp="2024-11-06T12:27:06 IST" skipped="0">
  <testcase classname="GroupExecution.Test1" name="demo1" time="0.011"/>
  <system-out>
    <![CDATA[Test1-demo1-smoke]]>
  </system-out>
</testsuite> <!-- GroupExecution.Test1 -->
