<?xml version="1.0" encoding="UTF-8"?>
<!-- Generated by org.testng.reporters.JUnitReportReporter -->
<testsuite hostname="Bablu" failures="0" tests="1" name="distributedparallel.Test2" time="0.017" errors="0" timestamp="2024-11-08T13:13:52 IST" skipped="0">
  <testcase classname="distributedparallel.Test2" name="demo2" time="0.017"/>
  <system-out/>
</testsuite> <!-- distributedparallel.Test2 -->
