<?xml version="1.0" encoding="UTF-8"?>
<!-- Generated by org.testng.reporters.JUnitReportReporter -->
<testsuite hostname="Bablu" failures="0" tests="4" name="Reports.DataproviderTest" time="30.861" errors="0" timestamp="2024-11-08T13:02:25 IST" skipped="0">
  <testcase classname="Reports.DataproviderTest" name="loginTest" time="5.863"/>
  <system-out/>
  <testcase classname="Reports.DataproviderTest" name="loginTest" time="5.912"/>
  <system-out/>
  <testcase classname="Reports.DataproviderTest" name="loginTest" time="6.505"/>
  <system-out/>
  <testcase classname="Reports.DataproviderTest" name="loginTest" time="12.581"/>
  <system-out/>
</testsuite> <!-- Reports.DataproviderTest -->
