<?xml version="1.0" encoding="UTF-8"?>
<!-- Generated by org.testng.reporters.JUnitReportReporter -->
<testsuite hostname="Bablu" failures="0" tests="2" name="distributedparallel.Test3" time="0.021" errors="0" timestamp="2024-11-08T13:12:15 IST" skipped="0">
  <testcase classname="distributedparallel.Test3" name="demo2" time="0.002"/>
  <system-out/>
  <testcase classname="distributedparallel.Test3" name="demo1" time="0.019"/>
  <system-out/>
</testsuite> <!-- distributedparallel.Test3 -->
