<?xml version="1.0" encoding="UTF-8"?>
<!-- Generated by org.testng.reporters.JUnitReportReporter -->
<testsuite hostname="Bablu" failures="0" tests="3" name="crossBrowser.Test1" time="9.131" errors="0" timestamp="2024-11-06T13:43:20 IST" skipped="0">
  <testcase classname="crossBrowser.Test1" name="googleTest" time="4.008"/>
  <system-out/>
  <testcase classname="crossBrowser.Test1" name="googleTest" time="4.368"/>
  <system-out/>
  <testcase classname="crossBrowser.Test1" name="googleTest" time="0.755"/>
  <system-out/>
</testsuite> <!-- crossBrowser.Test1 -->
