<?xml version="1.0" encoding="UTF-8"?>
<!-- Generated by org.testng.reporters.JUnitReportReporter -->
<testsuite hostname="Bablu" failures="0" tests="2" name="distributedparallel.Test4" time="0.016" errors="0" timestamp="2024-11-08T13:12:15 IST" skipped="0">
  <testcase classname="distributedparallel.Test4" name="demo2" time="0.009"/>
  <system-out/>
  <testcase classname="distributedparallel.Test4" name="demo1" time="0.007"/>
  <system-out/>
</testsuite> <!-- distributedparallel.Test4 -->
