<?xml version="1.0" encoding="UTF-8"?>
<!-- Generated by org.testng.reporters.JUnitReportReporter -->
<testsuite hostname="Bablu" failures="0" tests="1" name="assertions.WhyNotIfELse" time="0.012" errors="0" timestamp="2024-11-08T11:57:12 IST" skipped="0">
  <testcase classname="assertions.WhyNotIfELse" name="demo" time="0.012"/>
  <system-out/>
</testsuite> <!-- assertions.WhyNotIfELse -->
